[09/27/2025 11:31:19 PM][memryx.neural_compiler.nc][INFO] MemryX Neural Compiler log
[09/27/2025 11:31:19 PM][memryx.neural_compiler.nc][INFO] Anonymous user ID: memryxdevkitx86
[09/27/2025 11:31:19 PM][memryx.neural_compiler.nc][INFO] SDK version: 2.0.5
[09/27/2025 11:31:19 PM][memryx.neural_compiler.nc][INFO] System info: Linux, 6.14.0-29-generic, x86_64, Python 3.12.3 (main, Aug 14 2025, 17:47:21) [GCC 13.3.0]
[09/27/2025 11:31:19 PM][memryx.neural_compiler.nc][INFO] Model 0 framework: onnx
[09/27/2025 11:31:19 PM][memryx.neural_compiler.nc][INFO] Model 0 parameter count: 4203795
[09/27/2025 11:31:19 PM][memryx.neural_compiler.nc][INFO] Model 0 input shapes: [[1, 1, 60]]
[09/27/2025 11:31:19 PM][memryx.neural_compiler.graph.extensions][INFO] importing memryx.neural_compiler.graph.framework.onnx.ops.Activations
[09/27/2025 11:31:19 PM][memryx.neural_compiler.graph.extensions][INFO] importing memryx.neural_compiler.graph.framework.onnx.ops.Bool
[09/27/2025 11:31:19 PM][memryx.neural_compiler.graph.extensions][INFO] importing memryx.neural_compiler.graph.framework.onnx.ops.Conv
[09/27/2025 11:31:19 PM][memryx.neural_compiler.graph.extensions][INFO] importing memryx.neural_compiler.graph.framework.onnx.ops.Math
[09/27/2025 11:31:19 PM][memryx.neural_compiler.graph.extensions][INFO] importing memryx.neural_compiler.graph.framework.onnx.ops.Matrix
[09/27/2025 11:31:19 PM][memryx.neural_compiler.graph.extensions][INFO] importing memryx.neural_compiler.graph.framework.onnx.ops.Merge
[09/27/2025 11:31:19 PM][memryx.neural_compiler.graph.extensions][INFO] importing memryx.neural_compiler.graph.framework.onnx.ops.Normalization
[09/27/2025 11:31:19 PM][memryx.neural_compiler.graph.extensions][INFO] importing memryx.neural_compiler.graph.framework.onnx.ops.Other
[09/27/2025 11:31:19 PM][memryx.neural_compiler.graph.extensions][INFO] importing memryx.neural_compiler.graph.framework.onnx.ops.Pool
[09/27/2025 11:31:19 PM][memryx.neural_compiler.graph.extensions][INFO] importing memryx.neural_compiler.graph.framework.onnx.ops.QLinear
[09/27/2025 11:31:19 PM][memryx.neural_compiler.graph.extensions][INFO] importing memryx.neural_compiler.graph.framework.onnx.ops.Reduce
[09/27/2025 11:31:19 PM][memryx.neural_compiler.graph.extensions][INFO] importing memryx.neural_compiler.graph.framework.onnx.ops.Reshape
[09/27/2025 11:31:19 PM][memryx.neural_compiler.graph.extensions][INFO] importing memryx.neural_compiler.graph.framework.onnx.ops.Resize
[09/27/2025 11:31:19 PM][memryx.neural_compiler.graph.extensions][INFO] importing memryx.neural_compiler.graph.framework.onnx.subgraphs.ClipResNet50
[09/27/2025 11:31:19 PM][memryx.neural_compiler.graph.extensions][INFO] importing memryx.neural_compiler.graph.framework.onnx.subgraphs.Common
[09/27/2025 11:31:19 PM][memryx.neural_compiler.graph.extensions][INFO] importing memryx.neural_compiler.graph.framework.onnx.subgraphs.ConvNext
[09/27/2025 11:31:19 PM][memryx.neural_compiler.graph.extensions][INFO] importing memryx.neural_compiler.graph.framework.onnx.subgraphs.DFINE
[09/27/2025 11:31:19 PM][memryx.neural_compiler.graph.extensions][INFO] importing memryx.neural_compiler.graph.framework.onnx.subgraphs.RTDETRv2
[09/27/2025 11:31:19 PM][memryx.neural_compiler.graph.extensions][INFO] importing memryx.neural_compiler.graph.framework.onnx.subgraphs.TinyStories
[09/27/2025 11:31:19 PM][memryx.neural_compiler.graph.extensions][INFO] importing memryx.neural_compiler.graph.framework.onnx.subgraphs.VitSmall
[09/27/2025 11:31:19 PM][memryx.neural_compiler.graph.extensions][INFO] importing memryx.neural_compiler.graph.framework.onnx.subgraphs.VitTiny
[09/27/2025 11:31:19 PM][memryx.neural_compiler.graph.extensions][INFO] importing memryx.neural_compiler.graph.framework.onnx.subgraphs.YoloWorld
[09/27/2025 11:31:19 PM][memryx.neural_compiler.graph.extensions][INFO] importing memryx.neural_compiler.graph.framework.onnx.subgraphs.Yolov10
[09/27/2025 11:31:19 PM][memryx.neural_compiler.graph.framework.framework_if][WARNING] GraphConverter::OnnxInterface::Symbolic shape in input 'input' is not supported. Setting symbol batch_size to 1.
[09/27/2025 11:31:20 PM][memryx.neural_compiler.nc][INFO] Model 0 operator count: 19
[09/27/2025 11:31:20 PM][memryx.neural_compiler.nc][INFO] Model 0 operators: {'ReLU': 5, 'AveragePooling1D': 1, 'Dense': 3, 'BatchNormalization': 1, 'Input': 1, 'Output': 1, 'ZeroPadding1D': 3, 'Conv1D': 3, 'Reshape': 1}
[09/27/2025 11:31:20 PM][memryx.neural_compiler.mapper.map][INFO] Creating 0 extra process(es) for mapping 1 sweep(s) with effort normal...
[09/27/2025 11:31:21 PM][memryx.neural_compiler.mapper.map][INFO] Sweep index 0 produced best mapping with estimated fps = 196.0
[09/27/2025 11:31:21 PM][memryx.neural_compiler.mapper.map][INFO] MPU 0 input  port 0: {'model_index': 0, 'layer_name': 'input', 'shape': [60, 1, 1, 1]}
[09/27/2025 11:31:21 PM][memryx.neural_compiler.mapper.map][INFO] MPU 3 output port 0: {'model_index': 0, 'layer_name': 'output', 'shape': [1, 1, 1, 16]}
[09/27/2025 11:31:21 PM][memryx.neural_compiler.nc][INFO] Mapped to 4 chips of gen 3.1
[09/27/2025 11:31:26 PM][memryx.neural_compiler.nc][INFO] Compilation successful
[09/27/2025 11:31:26 PM][urllib3.connectionpool][DEBUG] Starting new HTTP connection (1): ann.mws.memryx.com:42069
[09/27/2025 11:31:26 PM][memryx.neural_compiler.nc][ERROR] HTTPConnectionPool(host='ann.mws.memryx.com', port=42069): Max retries exceeded with url: /upload (Caused by NameResolutionError("<urllib3.connection.HTTPConnection object at 0x7c864a4bcb60>: Failed to resolve 'ann.mws.memryx.com' ([Errno -3] Temporary failure in name resolution)"))
